<?xml version="1.0" encoding="UTF-8"?>
<!-- Generated by org.testng.reporters.JUnitReportReporter -->
<testsuite hostname="LAPTOP-3LUSFRKA" failures="0" tests="1" name="org.base.SeleniumTask" time="0.020" errors="0" timestamp="2024-01-16T21:18:18 IST" skipped="0">
  <testcase classname="org.base.SeleniumTask" name="tc1" time="0.020"/>
</testsuite> <!-- org.base.SeleniumTask -->
