<?xml version="1.0" encoding="UTF-8"?>
<!-- Generated by org.testng.reporters.JUnitReportReporter -->
<testsuite hostname="LAPTOP-3LUSFRKA" failures="0" tests="1" name="org.DemoClass" time="0.009" errors="0" timestamp="2023-12-01T21:36:29 IST" skipped="0">
  <testcase classname="org.DemoClass" name="testDate" time="0.009"/>
</testsuite> <!-- org.DemoClass -->
