<?xml version="1.0" encoding="UTF-8"?>
<!-- Generated by org.testng.reporters.JUnitReportReporter -->
<testsuite hostname="LAPTOP-3LUSFRKA" failures="0" tests="3" name="org.base.Happy" time="0.061" errors="0" timestamp="2024-02-01T11:53:37 IST" skipped="0">
  <testcase classname="org.base.Happy" name="tc3" time="0.019"/>
  <testcase classname="org.base.Happy" name="tc1" time="0.037"/>
  <testcase classname="org.base.Happy" name="tc2" time="0.005"/>
</testsuite> <!-- org.base.Happy -->
