<?xml version="1.0" encoding="UTF-8"?>
<!-- Generated by org.testng.reporters.JUnitReportReporter -->
<testsuite hostname="LAPTOP-3LUSFRKA" failures="0" tests="3" name="org.base.Demo" time="0.032" errors="1" timestamp="2024-02-01T23:07:02 IST" skipped="0">
  <testcase classname="org.base.Demo" name="tc1" time="0.012"/>
  <testcase classname="org.base.Demo" name="tc3" time="0.002"/>
  <testcase classname="org.base.Demo" name="tc2" time="0.018">
    <error message="
Cannot instantiate class org.base.RetryAnalyser" type="org.testng.TestNGException">
      <![CDATA[org.testng.TestNGException: 
Cannot instantiate class org.base.RetryAnalyser
at org.testng.internal.objects.InstanceCreator.newInstance(InstanceCreator.java:41)
at org.testng.internal.objects.InstanceCreator.newInstance(InstanceCreator.java:59)
at org.testng.ITestObjectFactory.newInstance(ITestObjectFactory.java:10)
at org.testng.internal.objects.SimpleObjectDispenser.dispense(SimpleObjectDispenser.java:60)
at org.testng.internal.objects.GuiceBasedObjectDispenser.dispense(GuiceBasedObjectDispenser.java:28)
at org.testng.internal.BaseTestMethod.computeRetryAnalyzerInstanceToUse(BaseTestMethod.java:843)
at org.testng.internal.BaseTestMethod.getRetryAnalyzerConsideringMethodParameters(BaseTestMethod.java:817)
at org.testng.internal.BaseTestMethod.getRetryAnalyzer(BaseTestMethod.java:681)
at org.testng.internal.invokers.TestInvoker.shouldRetryTestMethod(TestInvoker.java:549)
at org.testng.internal.invokers.TestInvoker.invokeMethod(TestInvoker.java:726)
at org.testng.internal.invokers.TestInvoker.invokeTestMethod(TestInvoker.java:227)
at org.testng.internal.invokers.MethodRunner.runInSequence(MethodRunner.java:50)
at org.testng.internal.invokers.TestInvoker$MethodInvocationAgent.invoke(TestInvoker.java:957)
at org.testng.internal.invokers.TestInvoker.invokeTestMethods(TestInvoker.java:200)
at org.testng.internal.invokers.TestMethodWorker.invokeTestMethods(TestMethodWorker.java:148)
at org.testng.internal.invokers.TestMethodWorker.run(TestMethodWorker.java:128)
at java.base/java.util.ArrayList.forEach(ArrayList.java:1596)
at org.testng.TestRunner.privateRun(TestRunner.java:848)
at org.testng.TestRunner.run(TestRunner.java:621)
at org.testng.SuiteRunner.runTest(SuiteRunner.java:443)
at org.testng.SuiteRunner.runSequentially(SuiteRunner.java:437)
at org.testng.SuiteRunner.privateRun(SuiteRunner.java:397)
at org.testng.SuiteRunner.run(SuiteRunner.java:336)
at org.testng.SuiteRunnerWorker.runSuite(SuiteRunnerWorker.java:52)
at org.testng.SuiteRunnerWorker.run(SuiteRunnerWorker.java:95)
at org.testng.TestNG.runSuitesSequentially(TestNG.java:1280)
at org.testng.TestNG.runSuitesLocally(TestNG.java:1200)
at org.testng.TestNG.runSuites(TestNG.java:1114)
at org.testng.TestNG.run(TestNG.java:1082)
at org.testng.remote.AbstractRemoteTestNG.run(AbstractRemoteTestNG.java:115)
at org.testng.remote.RemoteTestNG.initAndRun(RemoteTestNG.java:251)
at org.testng.remote.RemoteTestNG.main(RemoteTestNG.java:77)
Caused by: java.lang.reflect.InvocationTargetException
at java.base/jdk.internal.reflect.DirectConstructorHandleAccessor.newInstance(DirectConstructorHandleAccessor.java:74)
at java.base/java.lang.reflect.Constructor.newInstanceWithCaller(Constructor.java:502)
at java.base/java.lang.reflect.Constructor.newInstance(Constructor.java:486)
at org.testng.internal.objects.InstanceCreator.newInstance(InstanceCreator.java:38)
... 31 more
Caused by: java.lang.Error: Unresolved compilation problems: 
Syntax error on token "{", { expected after this token
Syntax error on token "(", ; expected
Syntax error on token ")", ; expected
count cannot be resolved to a variable
retry cannot be resolved to a variable
count cannot be resolved to a variable
Syntax error, insert "}" to complete ClassBody

at org.base.RetryAnalyser.<init>(RetryAnalyser.java:7)
at java.base/jdk.internal.reflect.DirectConstructorHandleAccessor.newInstance(DirectConstructorHandleAccessor.java:62)
... 34 more
]]>
    </error>
  </testcase> <!-- tc2 -->
</testsuite> <!-- org.base.Demo -->
