<?xml version="1.0" encoding="UTF-8"?>
<!-- Generated by org.testng.reporters.JUnitReportReporter -->
<testsuite hostname="LAPTOP-3LUSFRKA" failures="0" tests="2" name="org.base.Monkeyy" time="7.576" errors="0" timestamp="2024-01-17T18:40:42 IST" skipped="0">
  <testcase classname="org.base.Monkeyy" name="tc5" time="4.225"/>
  <testcase classname="org.base.Monkeyy" name="tc5" time="3.351"/>
</testsuite> <!-- org.base.Monkeyy -->
