<?xml version="1.0" encoding="UTF-8"?>
<!-- Generated by org.testng.reporters.JUnitReportReporter -->
<testsuite hostname="LAPTOP-3LUSFRKA" failures="0" tests="4" name="org.base.DemoMoleyyy" time="0.023" errors="0" timestamp="2024-01-17T23:43:29 IST" skipped="0">
  <testcase classname="org.base.DemoMoleyyy" name="tc4" time="0.016"/>
  <testcase classname="org.base.DemoMoleyyy" name="tc3" time="0.002"/>
  <testcase classname="org.base.DemoMoleyyy" name="tc2" time="0.002"/>
  <testcase classname="org.base.DemoMoleyyy" name="tc1" time="0.003"/>
</testsuite> <!-- org.base.DemoMoleyyy -->
