<?xml version="1.0" encoding="UTF-8"?>
<!-- Generated by org.testng.reporters.JUnitReportReporter -->
<testsuite hostname="LAPTOP-3LUSFRKA" failures="0" tests="1" name="org.base.DonkeyyLove" time="0.013" errors="0" timestamp="2024-01-18T19:49:48 IST" skipped="0">
  <testcase classname="org.base.DonkeyyLove" name="tc2" time="0.013"/>
</testsuite> <!-- org.base.DonkeyyLove -->
