<?xml version="1.0" encoding="UTF-8"?>
<!-- Generated by org.testng.reporters.JUnitReportReporter -->
<testsuite hostname="LAPTOP-3LUSFRKA" failures="0" tests="2" name="org.base.DemoPage" time="7.917" errors="0" timestamp="2024-01-17T18:03:30 IST" skipped="0">
  <testcase classname="org.base.DemoPage" name="tc1" time="2.555"/>
  <testcase classname="org.base.DemoPage" name="tc1" time="5.362"/>
</testsuite> <!-- org.base.DemoPage -->
