<?xml version="1.0" encoding="UTF-8"?>
<!-- Generated by org.testng.reporters.JUnitReportReporter -->
<testsuite hostname="LAPTOP-3LUSFRKA" failures="0" tests="3" name="TestNG.testnlaunch" time="11.819" errors="0" timestamp="2023-12-17T14:51:40 IST" skipped="0">
  <testcase classname="TestNG.testnlaunch" name="ABCdy" time="0.005"/>
  <testcase classname="TestNG.testnlaunch" name="launch" time="11.805"/>
  <testcase classname="TestNG.testnlaunch" name="ABCdr" time="0.009"/>
</testsuite> <!-- TestNG.testnlaunch -->
