<?xml version="1.0" encoding="UTF-8"?>
<!-- Generated by org.testng.reporters.JUnitReportReporter -->
<testsuite hostname="LAPTOP-3LUSFRKA" failures="0" tests="14" name="org.base.Monkeyy12" time="0.039" errors="0" timestamp="2024-01-18T18:27:19 IST" skipped="0">
  <testcase classname="org.base.Monkeyy12" name="tc3" time="0.001"/>
  <testcase classname="org.base.Monkeyy12" name="tc3" time="0.001"/>
  <testcase classname="org.base.Monkeyy12" name="tc4" time="0.001"/>
  <testcase classname="org.base.Monkeyy12" name="tc1" time="0.001"/>
  <testcase classname="org.base.Monkeyy12" name="tc4" time="0.005"/>
  <testcase classname="org.base.Monkeyy12" name="tc4" time="0.002"/>
  <testcase classname="org.base.Monkeyy12" name="tc3" time="0.001"/>
  <testcase classname="org.base.Monkeyy12" name="tc4" time="0.002"/>
  <testcase classname="org.base.Monkeyy12" name="tc2" time="0.002"/>
  <testcase classname="org.base.Monkeyy12" name="tc1" time="0.013"/>
  <testcase classname="org.base.Monkeyy12" name="tc2" time="0.003"/>
  <testcase classname="org.base.Monkeyy12" name="tc2" time="0.003"/>
  <testcase classname="org.base.Monkeyy12" name="tc4" time="0.001"/>
  <testcase classname="org.base.Monkeyy12" name="tc3" time="0.003"/>
</testsuite> <!-- org.base.Monkeyy12 -->
