<?xml version="1.0" encoding="UTF-8"?>
<!-- Generated by org.testng.reporters.JUnitReportReporter -->
<testsuite hostname="LAPTOP-3LUSFRKA" failures="0" tests="3" name="org.base.Jurassic" time="0.018" errors="0" timestamp="2024-02-01T11:59:09 IST" skipped="0">
  <testcase classname="org.base.Jurassic" name="tc3" time="0.002"/>
  <testcase classname="org.base.Jurassic" name="tc1" time="0.013"/>
  <testcase classname="org.base.Jurassic" name="tc2" time="0.003"/>
</testsuite> <!-- org.base.Jurassic -->
