<?xml version="1.0" encoding="UTF-8"?>
<!-- Generated by org.testng.reporters.JUnitReportReporter -->
<testsuite hostname="LAPTOP-3LUSFRKA" failures="0" tests="2" name="org.SampleBatch" time="0.011" errors="0" timestamp="2023-12-01T20:39:02 IST" skipped="0">
  <testcase classname="org.SampleBatch" name="tc2" time="0.002"/>
  <testcase classname="org.SampleBatch" name="tc1" time="0.009"/>
</testsuite> <!-- org.SampleBatch -->
