<?xml version="1.0" encoding="UTF-8"?>
<!-- Generated by org.testng.reporters.JUnitReportReporter -->
<testsuite hostname="LAPTOP-3LUSFRKA" failures="0" tests="9" name="org.base.DemoFile" time="0.022" errors="0" timestamp="2024-01-18T21:58:43 IST" skipped="0">
  <testcase classname="org.base.DemoFile" name="tc3" time="0.001"/>
  <testcase classname="org.base.DemoFile" name="tc2" time="0.002"/>
  <testcase classname="org.base.DemoFile" name="tc1" time="0.011"/>
  <testcase classname="org.base.DemoFile" name="tc3" time="0.001"/>
  <testcase classname="org.base.DemoFile" name="tc2" time="0.001"/>
  <testcase classname="org.base.DemoFile" name="tc2" time="0.002"/>
  <testcase classname="org.base.DemoFile" name="tc3" time="0.002"/>
  <testcase classname="org.base.DemoFile" name="tc3" time="0.001"/>
  <testcase classname="org.base.DemoFile" name="tc4" time="0.001"/>
</testsuite> <!-- org.base.DemoFile -->
