<?xml version="1.0" encoding="UTF-8"?>
<!-- Generated by org.testng.reporters.JUnitReportReporter -->
<testsuite hostname="LAPTOP-3LUSFRKA" failures="0" tests="1" name="org.base.Donkeyyyyy1" time="0.013" errors="0" timestamp="2024-01-17T17:45:59 IST" skipped="0">
  <testcase classname="org.base.Donkeyyyyy1" name="tc1" time="0.013"/>
</testsuite> <!-- org.base.Donkeyyyyy1 -->
