<?xml version="1.0" encoding="UTF-8"?>
<!-- Generated by org.testng.reporters.JUnitReportReporter -->
<testsuite hostname="LAPTOP-3LUSFRKA" failures="0" tests="2" name="org.base.DemoTalks" time="0.016" errors="0" timestamp="2024-01-18T23:17:04 IST" skipped="0">
  <testcase classname="org.base.DemoTalks" name="tc1" time="0.015"/>
  <testcase classname="org.base.DemoTalks" name="tc3" time="0.001"/>
</testsuite> <!-- org.base.DemoTalks -->
