<?xml version="1.0" encoding="UTF-8"?>
<!-- Generated by org.testng.reporters.JUnitReportReporter -->
<testsuite hostname="LAPTOP-3LUSFRKA" failures="0" tests="1" name="org.Trying1" time="0.013" errors="0" timestamp="2023-12-01T21:27:01 IST" skipped="0">
  <testcase classname="org.Trying1" name="project" time="0.013"/>
</testsuite> <!-- org.Trying1 -->
