<?xml version="1.0" encoding="UTF-8"?>
<!-- Generated by org.testng.reporters.JUnitReportReporter -->
<testsuite hostname="LAPTOP-3LUSFRKA" failures="0" tests="2" name="org.base.Mother" time="8.036" errors="0" timestamp="2024-01-18T21:17:32 IST" skipped="0">
  <testcase classname="org.base.Mother" name="tc1" time="2.772"/>
  <testcase classname="org.base.Mother" name="tc1" time="5.264"/>
</testsuite> <!-- org.base.Mother -->
