<?xml version="1.0" encoding="UTF-8"?>
<!-- Generated by org.testng.reporters.JUnitReportReporter -->
<testsuite hostname="LAPTOP-3LUSFRKA" failures="0" tests="2" name="org.base.Day11" time="5.655" errors="0" timestamp="2024-01-17T18:27:22 IST" skipped="0">
  <testcase classname="org.base.Day11" name="tc3" time="3.279"/>
  <testcase classname="org.base.Day11" name="tc3" time="2.376"/>
</testsuite> <!-- org.base.Day11 -->
